<?xml version="1.0" encoding="UTF-8"?>
<robot generator="Robot 6.0.2 (Python 3.11.4 on win32)" generated="20230611 15:34:32.593" rpa="false" schemaversion="3">
<suite id="s1" name="Estrutura" source="C:\Users\Amanda de Godoi\Desktop\projetos-build\projeto-robot\estrutura.robot">
<test id="s1-t1" name="Cenário 1: Teste de abrir o Site de Educação Financeira da B3" line="20">
<kw name="abrir site educacao financeira b3">
<kw name="Open Browser" library="SeleniumLibrary">
<arg>https://edu.b3.com.br/login</arg>
<arg>chrome</arg>
<doc>Opens a new browser instance to the optional ``url``.</doc>
<msg timestamp="20230611 15:34:33.120" level="INFO">Opening browser 'chrome' to base url 'https://edu.b3.com.br/login'.</msg>
<status status="PASS" starttime="20230611 15:34:33.120" endtime="20230611 15:34:41.921"/>
</kw>
<status status="PASS" starttime="20230611 15:34:33.120" endtime="20230611 15:34:41.921"/>
</kw>
<kw name="fechar navegador">
<kw name="Close Browser" library="SeleniumLibrary">
<doc>Closes the current browser.</doc>
<status status="PASS" starttime="20230611 15:34:41.921" endtime="20230611 15:34:44.328"/>
</kw>
<status status="PASS" starttime="20230611 15:34:41.921" endtime="20230611 15:34:44.328"/>
</kw>
<status status="PASS" starttime="20230611 15:34:33.109" endtime="20230611 15:34:44.328"/>
</test>
<test id="s1-t2" name="Cenário 2: Teste de abrir o site da B3" line="24">
<kw name="abrir site da b3">
<kw name="Open Browser" library="SeleniumLibrary">
<arg>https://www.b3.com.br/pt_br/</arg>
<arg>chrome</arg>
<doc>Opens a new browser instance to the optional ``url``.</doc>
<msg timestamp="20230611 15:34:44.334" level="INFO">Opening browser 'chrome' to base url 'https://www.b3.com.br/pt_br/'.</msg>
<status status="PASS" starttime="20230611 15:34:44.334" endtime="20230611 15:34:50.157"/>
</kw>
<status status="PASS" starttime="20230611 15:34:44.334" endtime="20230611 15:34:50.157"/>
</kw>
<kw name="fechar navegador">
<kw name="Close Browser" library="SeleniumLibrary">
<doc>Closes the current browser.</doc>
<status status="PASS" starttime="20230611 15:34:50.165" endtime="20230611 15:34:52.488"/>
</kw>
<status status="PASS" starttime="20230611 15:34:50.157" endtime="20230611 15:34:52.488"/>
</kw>
<status status="PASS" starttime="20230611 15:34:44.328" endtime="20230611 15:34:52.488"/>
</test>
<status status="PASS" starttime="20230611 15:34:32.593" endtime="20230611 15:34:52.488"/>
</suite>
<statistics>
<total>
<stat pass="2" fail="0" skip="0">All Tests</stat>
</total>
<tag>
</tag>
<suite>
<stat pass="2" fail="0" skip="0" id="s1" name="Estrutura">Estrutura</stat>
</suite>
</statistics>
<errors>
</errors>
</robot>
