<?xml version="1.0" encoding="UTF-8"?>
<robot generator="Robot 6.0.2 (Python 3.11.4 on win32)" generated="20230614 11:40:08.676" rpa="false" schemaversion="3">
<suite id="s1" name="Form" source="C:\Users\Amanda de Godoi\Desktop\projetos-build\forms-robot\form.robot">
<test id="s1-t1" name="Cenário 1: Preencher formulário" line="36">
<kw name="abrir navegador e acessar o site">
<kw name="Open Browser" library="SeleniumLibrary">
<arg>https://itera-qa.azurewebsites.net/home/automation</arg>
<arg>chrome</arg>
<doc>Opens a new browser instance to the optional ``url``.</doc>
<msg timestamp="20230614 11:40:09.060" level="INFO">Opening browser 'chrome' to base url 'https://itera-qa.azurewebsites.net/home/automation'.</msg>
<status status="PASS" starttime="20230614 11:40:09.060" endtime="20230614 11:40:12.495"/>
</kw>
<status status="PASS" starttime="20230614 11:40:09.060" endtime="20230614 11:40:12.495"/>
</kw>
<kw name="preencher campos">
<kw name="Input Text" library="SeleniumLibrary">
<arg>${input_name}</arg>
<arg>Amanda</arg>
<doc>Types the given ``text`` into the text field identified by ``locator``.</doc>
<msg timestamp="20230614 11:40:12.495" level="INFO">Typing text 'Amanda' into text field 'id:name'.</msg>
<status status="PASS" starttime="20230614 11:40:12.495" endtime="20230614 11:40:12.672"/>
</kw>
<kw name="Sleep" library="BuiltIn">
<arg>2s</arg>
<doc>Pauses the test executed for the given time.</doc>
<msg timestamp="20230614 11:40:14.672" level="INFO">Slept 2 seconds</msg>
<status status="PASS" starttime="20230614 11:40:12.672" endtime="20230614 11:40:14.673"/>
</kw>
<kw name="Input Text" library="SeleniumLibrary">
<arg>${input_phone}</arg>
<arg>11988776655</arg>
<doc>Types the given ``text`` into the text field identified by ``locator``.</doc>
<msg timestamp="20230614 11:40:14.673" level="INFO">Typing text '11988776655' into text field 'id:phone'.</msg>
<status status="PASS" starttime="20230614 11:40:14.673" endtime="20230614 11:40:14.857"/>
</kw>
<kw name="Sleep" library="BuiltIn">
<arg>2s</arg>
<doc>Pauses the test executed for the given time.</doc>
<msg timestamp="20230614 11:40:16.857" level="INFO">Slept 2 seconds</msg>
<status status="PASS" starttime="20230614 11:40:14.857" endtime="20230614 11:40:16.857"/>
</kw>
<kw name="Input Text" library="SeleniumLibrary">
<arg>${input_email}</arg>
<arg>amanda@gmail.com</arg>
<doc>Types the given ``text`` into the text field identified by ``locator``.</doc>
<msg timestamp="20230614 11:40:16.857" level="INFO">Typing text 'amanda@gmail.com' into text field 'id:email'.</msg>
<status status="PASS" starttime="20230614 11:40:16.857" endtime="20230614 11:40:16.974"/>
</kw>
<kw name="Sleep" library="BuiltIn">
<arg>2s</arg>
<doc>Pauses the test executed for the given time.</doc>
<msg timestamp="20230614 11:40:18.974" level="INFO">Slept 2 seconds</msg>
<status status="PASS" starttime="20230614 11:40:16.974" endtime="20230614 11:40:18.974"/>
</kw>
<kw name="Input Text" library="SeleniumLibrary">
<arg>${input_password}</arg>
<arg>12345</arg>
<doc>Types the given ``text`` into the text field identified by ``locator``.</doc>
<msg timestamp="20230614 11:40:18.974" level="INFO">Typing text '12345' into text field 'id:password'.</msg>
<status status="PASS" starttime="20230614 11:40:18.974" endtime="20230614 11:40:19.187"/>
</kw>
<kw name="Sleep" library="BuiltIn">
<arg>2s</arg>
<doc>Pauses the test executed for the given time.</doc>
<msg timestamp="20230614 11:40:21.187" level="INFO">Slept 2 seconds</msg>
<status status="PASS" starttime="20230614 11:40:19.187" endtime="20230614 11:40:21.187"/>
</kw>
<kw name="Input Text" library="SeleniumLibrary">
<arg>${textarea_address}</arg>
<arg>Rua XV de Novembro</arg>
<doc>Types the given ``text`` into the text field identified by ``locator``.</doc>
<msg timestamp="20230614 11:40:21.187" level="INFO">Typing text 'Rua XV de Novembro' into text field 'id: address'.</msg>
<status status="PASS" starttime="20230614 11:40:21.187" endtime="20230614 11:40:21.407"/>
</kw>
<kw name="Sleep" library="BuiltIn">
<arg>2s</arg>
<doc>Pauses the test executed for the given time.</doc>
<msg timestamp="20230614 11:40:23.407" level="INFO">Slept 2 seconds</msg>
<status status="PASS" starttime="20230614 11:40:21.407" endtime="20230614 11:40:23.407"/>
</kw>
<status status="PASS" starttime="20230614 11:40:12.495" endtime="20230614 11:40:23.407"/>
</kw>
<kw name="clicar em submit">
<kw name="Click Element" library="SeleniumLibrary">
<arg>${button_submit}</arg>
<doc>Click the element identified by ``locator``.</doc>
<msg timestamp="20230614 11:40:23.409" level="INFO">Clicking element 'name: submit'.</msg>
<status status="PASS" starttime="20230614 11:40:23.407" endtime="20230614 11:40:23.522"/>
</kw>
<kw name="Sleep" library="BuiltIn">
<arg>2s</arg>
<doc>Pauses the test executed for the given time.</doc>
<msg timestamp="20230614 11:40:25.522" level="INFO">Slept 2 seconds</msg>
<status status="PASS" starttime="20230614 11:40:23.522" endtime="20230614 11:40:25.522"/>
</kw>
<status status="PASS" starttime="20230614 11:40:23.407" endtime="20230614 11:40:25.522"/>
</kw>
<kw name="fechar navegador">
<kw name="Close Browser" library="SeleniumLibrary">
<doc>Closes the current browser.</doc>
<status status="PASS" starttime="20230614 11:40:25.522" endtime="20230614 11:40:27.723"/>
</kw>
<status status="PASS" starttime="20230614 11:40:25.522" endtime="20230614 11:40:27.723"/>
</kw>
<status status="PASS" starttime="20230614 11:40:09.060" endtime="20230614 11:40:27.723"/>
</test>
<status status="PASS" starttime="20230614 11:40:08.676" endtime="20230614 11:40:27.723"/>
</suite>
<statistics>
<total>
<stat pass="1" fail="0" skip="0">All Tests</stat>
</total>
<tag>
</tag>
<suite>
<stat pass="1" fail="0" skip="0" id="s1" name="Form">Form</stat>
</suite>
</statistics>
<errors>
</errors>
</robot>
