<?xml version="1.0" encoding="UTF-8"?>
<robot generator="Robot 6.0.2 (Python 3.11.4 on win32)" generated="20230614 09:44:43.134" rpa="false" schemaversion="3">
<suite id="s1" name="Form" source="C:\Users\Amanda de Godoi\Desktop\projetos-build\forms-robot\form.robot">
<test id="s1-t1" name="Cenário 1: Preencher formulário" line="36">
<kw name="abrir navegador e acessar o site">
<kw name="Open Browser" library="SeleniumLibrary">
<arg>https://itera-qa.azurewebsites.net/home/automation</arg>
<arg>chrome</arg>
<doc>Opens a new browser instance to the optional ``url``.</doc>
<msg timestamp="20230614 09:44:43.566" level="INFO">Opening browser 'chrome' to base url 'https://itera-qa.azurewebsites.net/home/automation'.</msg>
<status status="PASS" starttime="20230614 09:44:43.566" endtime="20230614 09:44:46.353"/>
</kw>
<status status="PASS" starttime="20230614 09:44:43.566" endtime="20230614 09:44:46.353"/>
</kw>
<kw name="preencher campos">
<kw name="Input Text" library="SeleniumLibrary">
<arg>${input_name}</arg>
<arg>Amanda</arg>
<doc>Types the given ``text`` into the text field identified by ``locator``.</doc>
<msg timestamp="20230614 09:44:46.361" level="INFO">Typing text 'Amanda' into text field 'id:name'.</msg>
<status status="PASS" starttime="20230614 09:44:46.353" endtime="20230614 09:44:46.561"/>
</kw>
<kw name="Sleep" library="BuiltIn">
<arg>2s</arg>
<doc>Pauses the test executed for the given time.</doc>
<msg timestamp="20230614 09:44:48.561" level="INFO">Slept 2 seconds</msg>
<status status="PASS" starttime="20230614 09:44:46.561" endtime="20230614 09:44:48.561"/>
</kw>
<kw name="Input Text" library="SeleniumLibrary">
<arg>${input_phone}</arg>
<arg>11988776655</arg>
<doc>Types the given ``text`` into the text field identified by ``locator``.</doc>
<msg timestamp="20230614 09:44:48.561" level="INFO">Typing text '11988776655' into text field 'id:phone'.</msg>
<status status="PASS" starttime="20230614 09:44:48.561" endtime="20230614 09:44:48.769"/>
</kw>
<kw name="Sleep" library="BuiltIn">
<arg>2s</arg>
<doc>Pauses the test executed for the given time.</doc>
<msg timestamp="20230614 09:44:50.769" level="INFO">Slept 2 seconds</msg>
<status status="PASS" starttime="20230614 09:44:48.769" endtime="20230614 09:44:50.769"/>
</kw>
<kw name="Input Text" library="SeleniumLibrary">
<arg>${input_email}</arg>
<arg>amanda@gmail.com</arg>
<doc>Types the given ``text`` into the text field identified by ``locator``.</doc>
<msg timestamp="20230614 09:44:50.769" level="INFO">Typing text 'amanda@gmail.com' into text field 'id:email'.</msg>
<status status="PASS" starttime="20230614 09:44:50.769" endtime="20230614 09:44:50.897"/>
</kw>
<kw name="Sleep" library="BuiltIn">
<arg>2s</arg>
<doc>Pauses the test executed for the given time.</doc>
<msg timestamp="20230614 09:44:52.897" level="INFO">Slept 2 seconds</msg>
<status status="PASS" starttime="20230614 09:44:50.897" endtime="20230614 09:44:52.897"/>
</kw>
<kw name="Input Text" library="SeleniumLibrary">
<arg>${input_password}</arg>
<arg>12345</arg>
<doc>Types the given ``text`` into the text field identified by ``locator``.</doc>
<msg timestamp="20230614 09:44:52.897" level="INFO">Typing text '12345' into text field 'id:password'.</msg>
<status status="PASS" starttime="20230614 09:44:52.897" endtime="20230614 09:44:53.104"/>
</kw>
<kw name="Sleep" library="BuiltIn">
<arg>2s</arg>
<doc>Pauses the test executed for the given time.</doc>
<msg timestamp="20230614 09:44:55.104" level="INFO">Slept 2 seconds</msg>
<status status="PASS" starttime="20230614 09:44:53.104" endtime="20230614 09:44:55.104"/>
</kw>
<kw name="Input Text" library="SeleniumLibrary">
<arg>${textarea_address}</arg>
<arg>Rua XV de Novembro</arg>
<doc>Types the given ``text`` into the text field identified by ``locator``.</doc>
<msg timestamp="20230614 09:44:55.106" level="INFO">Typing text 'Rua XV de Novembro' into text field 'id: address'.</msg>
<status status="PASS" starttime="20230614 09:44:55.104" endtime="20230614 09:44:55.282"/>
</kw>
<kw name="Sleep" library="BuiltIn">
<arg>2s</arg>
<doc>Pauses the test executed for the given time.</doc>
<msg timestamp="20230614 09:44:57.290" level="INFO">Slept 2 seconds</msg>
<status status="PASS" starttime="20230614 09:44:55.282" endtime="20230614 09:44:57.290"/>
</kw>
<status status="PASS" starttime="20230614 09:44:46.353" endtime="20230614 09:44:57.290"/>
</kw>
<kw name="clicar em submit">
<kw name="Click Element" library="SeleniumLibrary">
<arg>${button_submit}</arg>
<doc>Click the element identified by ``locator``.</doc>
<msg timestamp="20230614 09:44:57.290" level="INFO">Clicking element 'name: submit'.</msg>
<status status="PASS" starttime="20230614 09:44:57.290" endtime="20230614 09:44:57.371"/>
</kw>
<kw name="Sleep" library="BuiltIn">
<arg>2s</arg>
<doc>Pauses the test executed for the given time.</doc>
<msg timestamp="20230614 09:44:59.371" level="INFO">Slept 2 seconds</msg>
<status status="PASS" starttime="20230614 09:44:57.371" endtime="20230614 09:44:59.371"/>
</kw>
<status status="PASS" starttime="20230614 09:44:57.290" endtime="20230614 09:44:59.371"/>
</kw>
<kw name="fechar navegador">
<kw name="Close Browser" library="SeleniumLibrary">
<doc>Closes the current browser.</doc>
<status status="PASS" starttime="20230614 09:44:59.372" endtime="20230614 09:45:01.626"/>
</kw>
<status status="PASS" starttime="20230614 09:44:59.372" endtime="20230614 09:45:01.626"/>
</kw>
<status status="PASS" starttime="20230614 09:44:43.566" endtime="20230614 09:45:01.626"/>
</test>
<status status="PASS" starttime="20230614 09:44:43.142" endtime="20230614 09:45:01.626"/>
</suite>
<statistics>
<total>
<stat pass="1" fail="0" skip="0">All Tests</stat>
</total>
<tag>
</tag>
<suite>
<stat pass="1" fail="0" skip="0" id="s1" name="Form">Form</stat>
</suite>
</statistics>
<errors>
</errors>
</robot>
