<?xml version="1.0" encoding="UTF-8"?>
<robot generator="Robot 6.0.2 (Python 3.11.4 on win32)" generated="20230610 22:36:48.462" rpa="false" schemaversion="3">
<suite id="s1" name="Modelo" source="C:\Users\Amanda de Godoi\Desktop\projetos-build\projeto-robot\modelo.robot">
<test id="s1-t1" name="Cenário 1: Acessando o site do Robot" line="12">
<kw name="Abrir Site">
<kw name="Open Browser" library="SeleniumLibrary">
<arg>https://robotframework.org/</arg>
<arg>chrome</arg>
<doc>Opens a new browser instance to the optional ``url``.</doc>
<msg timestamp="20230610 22:36:48.980" level="INFO">Opening browser 'chrome' to base url 'https://robotframework.org/'.</msg>
<status status="PASS" starttime="20230610 22:36:48.980" endtime="20230610 22:36:53.686"/>
</kw>
<status status="PASS" starttime="20230610 22:36:48.980" endtime="20230610 22:36:53.686"/>
</kw>
<status status="PASS" starttime="20230610 22:36:48.964" endtime="20230610 22:36:53.686"/>
</test>
<status status="PASS" starttime="20230610 22:36:48.462" endtime="20230610 22:36:53.686"/>
</suite>
<statistics>
<total>
<stat pass="1" fail="0" skip="0">All Tests</stat>
</total>
<tag>
</tag>
<suite>
<stat pass="1" fail="0" skip="0" id="s1" name="Modelo">Modelo</stat>
</suite>
</statistics>
<errors>
</errors>
</robot>
