<?xml version="1.0" encoding="UTF-8"?>
<robot generator="Robot 6.0.2 (Python 3.11.4 on win32)" generated="20230611 19:15:46.265" rpa="false" schemaversion="3">
<suite id="s1" name="X-Path" source="C:\Users\Amanda de Godoi\Desktop\projetos-build\x-path\x-path.robot">
<test id="s1-t1" name="Cenário 1: Preencher formulário" line="36">
<kw name="abrir navegador e acessar o site">
<kw name="Open Browser" library="SeleniumLibrary">
<arg>https://itera-qa.azurewebsites.net/home/automation</arg>
<arg>chrome</arg>
<doc>Opens a new browser instance to the optional ``url``.</doc>
<msg timestamp="20230611 19:15:46.812" level="INFO">Opening browser 'chrome' to base url 'https://itera-qa.azurewebsites.net/home/automation'.</msg>
<status status="PASS" starttime="20230611 19:15:46.812" endtime="20230611 19:15:51.317"/>
</kw>
<status status="PASS" starttime="20230611 19:15:46.812" endtime="20230611 19:15:51.317"/>
</kw>
<kw name="preencher campos">
<kw name="Input Text" library="SeleniumLibrary">
<arg>${input_name}</arg>
<arg>Amanda</arg>
<doc>Types the given ``text`` into the text field identified by ``locator``.</doc>
<msg timestamp="20230611 19:15:51.326" level="INFO">Typing text 'Amanda' into text field '//input[@id="name"]'.</msg>
<status status="PASS" starttime="20230611 19:15:51.317" endtime="20230611 19:15:51.635"/>
</kw>
<kw name="Sleep" library="BuiltIn">
<arg>2s</arg>
<doc>Pauses the test executed for the given time.</doc>
<msg timestamp="20230611 19:15:53.635" level="INFO">Slept 2 seconds</msg>
<status status="PASS" starttime="20230611 19:15:51.635" endtime="20230611 19:15:53.635"/>
</kw>
<kw name="Input Text" library="SeleniumLibrary">
<arg>${input_phone}</arg>
<arg>11988776655</arg>
<doc>Types the given ``text`` into the text field identified by ``locator``.</doc>
<msg timestamp="20230611 19:15:53.635" level="INFO">Typing text '11988776655' into text field '//input[@id="phone"]'.</msg>
<status status="PASS" starttime="20230611 19:15:53.635" endtime="20230611 19:15:53.875"/>
</kw>
<kw name="Sleep" library="BuiltIn">
<arg>2s</arg>
<doc>Pauses the test executed for the given time.</doc>
<msg timestamp="20230611 19:15:55.876" level="INFO">Slept 2 seconds</msg>
<status status="PASS" starttime="20230611 19:15:53.875" endtime="20230611 19:15:55.876"/>
</kw>
<kw name="Input Text" library="SeleniumLibrary">
<arg>${input_email}</arg>
<arg>amanda@gmail.com</arg>
<doc>Types the given ``text`` into the text field identified by ``locator``.</doc>
<msg timestamp="20230611 19:15:55.876" level="INFO">Typing text 'amanda@gmail.com' into text field '//input[@id="email"]'.</msg>
<status status="PASS" starttime="20230611 19:15:55.876" endtime="20230611 19:15:56.122"/>
</kw>
<kw name="Sleep" library="BuiltIn">
<arg>2s</arg>
<doc>Pauses the test executed for the given time.</doc>
<msg timestamp="20230611 19:15:58.123" level="INFO">Slept 2 seconds</msg>
<status status="PASS" starttime="20230611 19:15:56.122" endtime="20230611 19:15:58.123"/>
</kw>
<kw name="Input Text" library="SeleniumLibrary">
<arg>${input_password}</arg>
<arg>12345</arg>
<doc>Types the given ``text`` into the text field identified by ``locator``.</doc>
<msg timestamp="20230611 19:15:58.126" level="INFO">Typing text '12345' into text field '//input[@id="password"]'.</msg>
<status status="PASS" starttime="20230611 19:15:58.123" endtime="20230611 19:15:58.377"/>
</kw>
<kw name="Sleep" library="BuiltIn">
<arg>2s</arg>
<doc>Pauses the test executed for the given time.</doc>
<msg timestamp="20230611 19:16:00.378" level="INFO">Slept 2 seconds</msg>
<status status="PASS" starttime="20230611 19:15:58.377" endtime="20230611 19:16:00.378"/>
</kw>
<kw name="Input Text" library="SeleniumLibrary">
<arg>${textarea_address}</arg>
<arg>Rua XV de Novembro</arg>
<doc>Types the given ``text`` into the text field identified by ``locator``.</doc>
<msg timestamp="20230611 19:16:00.378" level="INFO">Typing text 'Rua XV de Novembro' into text field '//textarea[@id="address"]'.</msg>
<status status="PASS" starttime="20230611 19:16:00.378" endtime="20230611 19:16:00.644"/>
</kw>
<kw name="Sleep" library="BuiltIn">
<arg>2s</arg>
<doc>Pauses the test executed for the given time.</doc>
<msg timestamp="20230611 19:16:02.644" level="INFO">Slept 2 seconds</msg>
<status status="PASS" starttime="20230611 19:16:00.644" endtime="20230611 19:16:02.644"/>
</kw>
<status status="PASS" starttime="20230611 19:15:51.317" endtime="20230611 19:16:02.644"/>
</kw>
<kw name="clicar em submit">
<kw name="Click Element" library="SeleniumLibrary">
<arg>${button_submit}</arg>
<doc>Click the element identified by ``locator``.</doc>
<msg timestamp="20230611 19:16:02.644" level="INFO">Clicking element '//button[@name="submit"]'.</msg>
<status status="PASS" starttime="20230611 19:16:02.644" endtime="20230611 19:16:02.794"/>
</kw>
<kw name="Sleep" library="BuiltIn">
<arg>2s</arg>
<doc>Pauses the test executed for the given time.</doc>
<msg timestamp="20230611 19:16:04.795" level="INFO">Slept 2 seconds</msg>
<status status="PASS" starttime="20230611 19:16:02.794" endtime="20230611 19:16:04.795"/>
</kw>
<status status="PASS" starttime="20230611 19:16:02.644" endtime="20230611 19:16:04.795"/>
</kw>
<kw name="fechar navegador">
<kw name="Close Browser" library="SeleniumLibrary">
<doc>Closes the current browser.</doc>
<status status="PASS" starttime="20230611 19:16:04.795" endtime="20230611 19:16:07.148"/>
</kw>
<status status="PASS" starttime="20230611 19:16:04.795" endtime="20230611 19:16:07.149"/>
</kw>
<status status="PASS" starttime="20230611 19:15:46.807" endtime="20230611 19:16:07.150"/>
</test>
<status status="PASS" starttime="20230611 19:15:46.275" endtime="20230611 19:16:07.152"/>
</suite>
<statistics>
<total>
<stat pass="1" fail="0" skip="0">All Tests</stat>
</total>
<tag>
</tag>
<suite>
<stat pass="1" fail="0" skip="0" id="s1" name="X-Path">X-Path</stat>
</suite>
</statistics>
<errors>
</errors>
</robot>
